2020-07-04 02:13:11,680 INFO  org.apache.solr.core.CoreContainer @ Shutting down CoreContainer instance=816065970
2020-07-04 02:13:11,685 INFO  org.apache.solr.core.SolrCore @ [oai]  CLOSING SolrCore org.apache.solr.core.SolrCore@8c65a4
2020-07-04 02:13:11,687 INFO  org.apache.solr.update.UpdateHandler @ closing DirectUpdateHandler2{commits=0,autocommit maxDocs=10000,autocommit maxTime=10000ms,autocommits=0,soft autocommits=0,optimizes=0,rollbacks=0,expungeDeletes=0,docsPending=0,adds=0,deletesById=0,deletesByQuery=0,errors=0,cumulative_adds=0,cumulative_deletesById=0,cumulative_deletesByQuery=0,cumulative_errors=0,transaction_logs_total_size=0,transaction_logs_total_number=0}
2020-07-04 02:13:11,687 INFO  org.apache.solr.update.SolrCoreState @ Closing SolrCoreState
2020-07-04 02:13:11,688 INFO  org.apache.solr.update.DefaultSolrCoreState @ SolrCoreState ref count has reached 0 - closing IndexWriter
2020-07-04 02:13:11,688 INFO  org.apache.solr.update.DefaultSolrCoreState @ closing IndexWriter with IndexWriterCloser
2020-07-04 02:13:11,696 INFO  org.apache.solr.core.SolrCore @ [oai] Closing main searcher on request.
2020-07-04 02:13:11,726 INFO  org.apache.solr.core.CachingDirectoryFactory @ Closing NRTCachingDirectoryFactory - 2 directories currently being tracked
2020-07-04 02:13:11,730 INFO  org.apache.solr.core.CachingDirectoryFactory @ looking to close C:\DSpace\solr\oai\data\index [CachedDir<<refCount=0;path=C:\DSpace\solr\oai\data\index;done=false>>]
2020-07-04 02:13:11,730 INFO  org.apache.solr.core.CachingDirectoryFactory @ Closing directory: C:\DSpace\solr\oai\data\index
2020-07-04 02:13:11,730 INFO  org.apache.solr.core.CachingDirectoryFactory @ looking to close C:\DSpace\solr\oai\data [CachedDir<<refCount=0;path=C:\DSpace\solr\oai\data;done=false>>]
2020-07-04 02:13:11,730 INFO  org.apache.solr.core.CachingDirectoryFactory @ Closing directory: C:\DSpace\solr\oai\data
2020-07-04 02:13:11,730 INFO  org.apache.solr.core.SolrCore @ [statistics]  CLOSING SolrCore org.apache.solr.core.SolrCore@7e13dad9
2020-07-04 02:13:11,730 INFO  org.apache.solr.update.UpdateHandler @ closing DirectUpdateHandler2{commits=0,autocommit maxDocs=10000,autocommit maxTime=900000ms,autocommits=0,soft autocommits=0,optimizes=0,rollbacks=0,expungeDeletes=0,docsPending=0,adds=0,deletesById=0,deletesByQuery=0,errors=0,cumulative_adds=0,cumulative_deletesById=0,cumulative_deletesByQuery=0,cumulative_errors=0,transaction_logs_total_size=0,transaction_logs_total_number=0}
2020-07-04 02:13:11,730 INFO  org.apache.solr.update.SolrCoreState @ Closing SolrCoreState
2020-07-04 02:13:11,730 INFO  org.apache.solr.update.DefaultSolrCoreState @ SolrCoreState ref count has reached 0 - closing IndexWriter
2020-07-04 02:13:11,730 INFO  org.apache.solr.update.DefaultSolrCoreState @ closing IndexWriter with IndexWriterCloser
2020-07-04 02:13:11,734 INFO  org.apache.solr.core.SolrCore @ [statistics] Closing main searcher on request.
2020-07-04 02:13:11,742 INFO  org.apache.solr.core.CachingDirectoryFactory @ Closing NRTCachingDirectoryFactory - 2 directories currently being tracked
2020-07-04 02:13:11,742 INFO  org.apache.solr.core.CachingDirectoryFactory @ looking to close C:\DSpace\solr\statistics\data [CachedDir<<refCount=0;path=C:\DSpace\solr\statistics\data;done=false>>]
2020-07-04 02:13:11,742 INFO  org.apache.solr.core.CachingDirectoryFactory @ Closing directory: C:\DSpace\solr\statistics\data
2020-07-04 02:13:11,742 INFO  org.apache.solr.core.CachingDirectoryFactory @ looking to close C:\DSpace\solr\statistics\data\index [CachedDir<<refCount=0;path=C:\DSpace\solr\statistics\data\index;done=false>>]
2020-07-04 02:13:11,743 INFO  org.apache.solr.core.CachingDirectoryFactory @ Closing directory: C:\DSpace\solr\statistics\data\index
2020-07-04 02:13:11,743 INFO  org.apache.solr.core.SolrCore @ [search]  CLOSING SolrCore org.apache.solr.core.SolrCore@20a968d9
2020-07-04 02:13:11,744 INFO  org.apache.solr.update.UpdateHandler @ closing DirectUpdateHandler2{commits=1,autocommit maxDocs=10000,autocommit maxTime=10000ms,autocommits=0,soft autocommits=0,optimizes=0,rollbacks=0,expungeDeletes=0,docsPending=0,adds=0,deletesById=0,deletesByQuery=0,errors=0,cumulative_adds=0,cumulative_deletesById=0,cumulative_deletesByQuery=1,cumulative_errors=0,transaction_logs_total_size=92,transaction_logs_total_number=1}
2020-07-04 02:13:11,744 INFO  org.apache.solr.update.SolrCoreState @ Closing SolrCoreState
2020-07-04 02:13:11,744 INFO  org.apache.solr.update.DefaultSolrCoreState @ SolrCoreState ref count has reached 0 - closing IndexWriter
2020-07-04 02:13:11,744 INFO  org.apache.solr.update.DefaultSolrCoreState @ closing IndexWriter with IndexWriterCloser
2020-07-04 02:13:11,747 INFO  org.apache.solr.core.SolrCore @ [search] Closing main searcher on request.
2020-07-04 02:13:11,755 INFO  org.apache.solr.core.CachingDirectoryFactory @ Closing NRTCachingDirectoryFactory - 2 directories currently being tracked
2020-07-04 02:13:11,755 INFO  org.apache.solr.core.CachingDirectoryFactory @ looking to close C:\DSpace\solr\search\data\index [CachedDir<<refCount=0;path=C:\DSpace\solr\search\data\index;done=false>>]
2020-07-04 02:13:11,755 INFO  org.apache.solr.core.CachingDirectoryFactory @ Closing directory: C:\DSpace\solr\search\data\index
2020-07-04 02:13:11,755 INFO  org.apache.solr.core.CachingDirectoryFactory @ looking to close C:\DSpace\solr\search\data [CachedDir<<refCount=0;path=C:\DSpace\solr\search\data;done=false>>]
2020-07-04 02:13:11,755 INFO  org.apache.solr.core.CachingDirectoryFactory @ Closing directory: C:\DSpace\solr\search\data
2020-07-04 02:13:11,755 INFO  org.apache.solr.core.SolrCore @ [authority]  CLOSING SolrCore org.apache.solr.core.SolrCore@d3fbe72
2020-07-04 02:13:11,756 INFO  org.apache.solr.update.UpdateHandler @ closing DirectUpdateHandler2{commits=0,autocommit maxDocs=10000,autocommit maxTime=10000ms,autocommits=0,soft autocommits=0,optimizes=0,rollbacks=0,expungeDeletes=0,docsPending=0,adds=0,deletesById=0,deletesByQuery=0,errors=0,cumulative_adds=0,cumulative_deletesById=0,cumulative_deletesByQuery=0,cumulative_errors=0}
2020-07-04 02:13:11,756 INFO  org.apache.solr.update.SolrCoreState @ Closing SolrCoreState
2020-07-04 02:13:11,756 INFO  org.apache.solr.update.DefaultSolrCoreState @ SolrCoreState ref count has reached 0 - closing IndexWriter
2020-07-04 02:13:11,756 INFO  org.apache.solr.update.DefaultSolrCoreState @ closing IndexWriter with IndexWriterCloser
2020-07-04 02:13:11,760 INFO  org.apache.solr.core.SolrCore @ [authority] Closing main searcher on request.
2020-07-04 02:13:11,767 INFO  org.apache.solr.core.CachingDirectoryFactory @ Closing StandardDirectoryFactory - 2 directories currently being tracked
2020-07-04 02:13:11,767 INFO  org.apache.solr.core.CachingDirectoryFactory @ looking to close C:\DSpace\solr\authority\data [CachedDir<<refCount=0;path=C:\DSpace\solr\authority\data;done=false>>]
2020-07-04 02:13:11,767 INFO  org.apache.solr.core.CachingDirectoryFactory @ Closing directory: C:\DSpace\solr\authority\data
2020-07-04 02:13:11,767 INFO  org.apache.solr.core.CachingDirectoryFactory @ looking to close C:\DSpace\solr\authority\data\index [CachedDir<<refCount=0;path=C:\DSpace\solr\authority\data\index;done=false>>]
2020-07-04 02:13:11,767 INFO  org.apache.solr.core.CachingDirectoryFactory @ Closing directory: C:\DSpace\solr\authority\data\index
